<?xml version="1.0" encoding="UTF-8"?>
<!-- Generated by org.testng.reporters.JUnitReportReporter -->
<testsuite skipped="0" hostname="ryan-PC" name="cucumberOptions.TestRunner" tests="1" failures="0" timestamp="17 Mar 2018 22:04:26 GMT" time="73.316" errors="0">
  <testcase name="feature" time="73.316" classname="cucumberOptions.TestRunner"/>
</testsuite> <!-- cucumberOptions.TestRunner -->
