<?xml version="1.0" encoding="UTF-8"?>
<!-- Generated by org.testng.reporters.JUnitReportReporter -->
<testsuite skipped="0" hostname="Asus-PC" name="cucumberOptions.TestRunner" tests="1" failures="0" timestamp="18 Mar 2018 23:55:06 GMT" time="81.334" errors="0">
  <testcase name="feature" time="81.334" classname="cucumberOptions.TestRunner"/>
</testsuite> <!-- cucumberOptions.TestRunner -->
